0 info it worked if it ends with ok
1 verbose cli [ '/usr/local/bin/node', '/usr/local/bin/npm', 'run', 'serve' ]
2 info using npm@3.8.9
3 info using node@v6.2.0
4 verbose run-script [ 'preserve', 'serve', 'postserve' ]
5 info lifecycle workshop-2@0.0.1~preserve: workshop-2@0.0.1
6 silly lifecycle workshop-2@0.0.1~preserve: no script for preserve, continuing
7 info lifecycle workshop-2@0.0.1~serve: workshop-2@0.0.1
8 verbose lifecycle workshop-2@0.0.1~serve: unsafe-perm in lifecycle true
9 verbose lifecycle workshop-2@0.0.1~serve: PATH: /usr/local/lib/node_modules/npm/bin/node-gyp-bin:/Users/Zineb/Desktop/CS326/Workshop3/node_modules/.bin:/usr/local/bin:/Library/Frameworks/Python.framework/Versions/3.5/bin:/usr/local/bin:/usr/bin:/bin:/usr/sbin:/sbin
10 verbose lifecycle workshop-2@0.0.1~serve: CWD: /Users/Zineb/Desktop/CS326/Workshop3
11 silly lifecycle workshop-2@0.0.1~serve: Args: [ '-c', 'http-server -c-1' ]
12 info lifecycle workshop-2@0.0.1~serve: Failed to exec serve script
13 verbose stack Error: workshop-2@0.0.1 serve: `http-server -c-1`
13 verbose stack spawn ENOENT
13 verbose stack     at ChildProcess.<anonymous> (/usr/local/lib/node_modules/npm/lib/utils/spawn.js:17:16)
13 verbose stack     at emitTwo (events.js:106:13)
13 verbose stack     at ChildProcess.emit (events.js:191:7)
13 verbose stack     at maybeClose (internal/child_process.js:850:16)
13 verbose stack     at Process.ChildProcess._handle.onexit (internal/child_process.js:215:5)
14 verbose pkgid workshop-2@0.0.1
15 verbose cwd /Users/Zineb/Desktop/CS326/Workshop3
16 error Darwin 15.6.0
17 error argv "/usr/local/bin/node" "/usr/local/bin/npm" "run" "serve"
18 error node v6.2.0
19 error npm  v3.8.9
20 error file sh
21 error code ELIFECYCLE
22 error errno ENOENT
23 error syscall spawn
24 error workshop-2@0.0.1 serve: `http-server -c-1`
24 error spawn ENOENT
25 error Failed at the workshop-2@0.0.1 serve script 'http-server -c-1'.
25 error Make sure you have the latest version of node.js and npm installed.
25 error If you do, this is most likely a problem with the workshop-2 package,
25 error not with npm itself.
25 error Tell the author that this fails on your system:
25 error     http-server -c-1
25 error You can get information on how to open an issue for this project with:
25 error     npm bugs workshop-2
25 error Or if that isn't available, you can get their info via:
25 error     npm owner ls workshop-2
25 error There is likely additional logging output above.
26 verbose exit [ 1, true ]
